[16:00:16]{game.py:75} INFO - Loading module training.py
[16:00:16]{game.py:81} INFO - Adding /home/pi/src/CommanderTeensy/experiments to path to import "training"
[16:00:16]{game.py:90} DEBUG - Starting pyglet app...
[16:00:20]{Experiment.py:30} INFO - Starting experiment.
[16:00:20]{training.py:75} INFO - Starting trial 1 from the left with             0.3 s delay
[16:00:20]{training.py:95} INFO - Hold movement exceeded. Timeout for 0.25s
[16:00:24]{training.py:141} INFO - Ending trial 1 with success due to "goal" after 4.2 s
[16:00:24]{training.py:149} INFO - Total: 1, Successes: 1 (100.0% correct)!
[16:00:26]{training.py:75} INFO - Starting trial 2 from the left with             0.0 s delay
[16:00:26]{training.py:95} INFO - Hold movement exceeded. Timeout for 0.05s
[16:00:26]{training.py:141} INFO - Ending trial 2 with failure due to "overshoot" after 0.4 s
[16:00:26]{training.py:149} INFO - Total: 2, Successes: 1 (50.0% correct)!
[16:00:28]{training.py:75} INFO - Starting trial 3 from the left with             0.2 s delay
[16:00:28]{training.py:95} INFO - Hold movement exceeded. Timeout for 0.18s
[16:00:44]{training.py:141} INFO - Ending trial 3 with success due to "goal" after 15.4 s
[16:00:44]{training.py:149} INFO - Total: 3, Successes: 2 (66.7% correct)!
[16:00:45]{training.py:75} INFO - Starting trial 4 from the left with             0.2 s delay
[16:00:45]{training.py:95} INFO - Hold movement exceeded. Timeout for 0.23s
[16:00:46]{training.py:95} INFO - Hold movement exceeded. Timeout for 0.23s
[16:00:46]{training.py:95} INFO - Hold movement exceeded. Timeout for 0.23s
[16:00:46]{training.py:95} INFO - Hold movement exceeded. Timeout for 0.23s
[16:00:46]{training.py:95} INFO - Hold movement exceeded. Timeout for 0.23s
[16:00:47]{training.py:95} INFO - Hold movement exceeded. Timeout for 0.23s
[16:00:47]{training.py:95} INFO - Hold movement exceeded. Timeout for 0.23s
[16:00:47]{training.py:95} INFO - Hold movement exceeded. Timeout for 0.23s
[16:00:48]{training.py:141} INFO - Ending trial 4 with failure due to "overshoot" after 2.5 s
[16:00:48]{training.py:149} INFO - Total: 4, Successes: 2 (50.0% correct)!
[16:00:50]{training.py:75} INFO - Starting trial 5 from the left with             0.3 s delay
[16:00:50]{training.py:95} INFO - Hold movement exceeded. Timeout for 0.31s
[16:00:56]{training.py:141} INFO - Ending trial 5 with success due to "goal" after 6.8 s
[16:00:56]{training.py:149} INFO - Total: 5, Successes: 3 (60.0% correct)!
[16:00:58]{training.py:75} INFO - Starting trial 6 from the left with             0.3 s delay
[16:00:58]{training.py:95} INFO - Hold movement exceeded. Timeout for 0.29s
[16:01:23]{training.py:141} INFO - Ending trial 6 with success due to "goal" after 25.2 s
[16:01:23]{training.py:149} INFO - Total: 6, Successes: 4 (66.7% correct)!
[16:01:25]{training.py:75} INFO - Starting trial 7 from the left with             0.1 s delay
[16:01:25]{training.py:95} INFO - Hold movement exceeded. Timeout for 0.06s
[16:01:25]{training.py:95} INFO - Hold movement exceeded. Timeout for 0.06s
[16:01:25]{training.py:95} INFO - Hold movement exceeded. Timeout for 0.06s
[16:01:25]{training.py:95} INFO - Hold movement exceeded. Timeout for 0.06s
[16:01:25]{training.py:141} INFO - Ending trial 7 with failure due to "overshoot" after 0.5 s
[16:01:25]{training.py:149} INFO - Total: 7, Successes: 4 (57.1% correct)!
[16:01:27]{training.py:75} INFO - Starting trial 8 from the left with             0.1 s delay
[16:01:27]{training.py:95} INFO - Hold movement exceeded. Timeout for 0.06s
[16:01:27]{training.py:95} INFO - Hold movement exceeded. Timeout for 0.06s
[16:01:28]{training.py:95} INFO - Hold movement exceeded. Timeout for 0.06s
[16:01:28]{training.py:95} INFO - Hold movement exceeded. Timeout for 0.06s
[16:01:28]{training.py:95} INFO - Hold movement exceeded. Timeout for 0.06s
[16:01:28]{training.py:141} INFO - Ending trial 8 with success due to "goal" after 0.6 s
[16:01:28]{training.py:149} INFO - Total: 8, Successes: 5 (62.5% correct)!
[16:01:29]{training.py:75} INFO - Starting trial 9 from the left with             0.3 s delay
[16:01:30]{training.py:95} INFO - Hold movement exceeded. Timeout for 0.29s
[16:01:36]{training.py:141} INFO - Ending trial 9 with success due to "goal" after 6.7 s
[16:01:36]{training.py:149} INFO - Total: 9, Successes: 6 (66.7% correct)!
[16:01:38]{training.py:75} INFO - Starting trial 10 from the left with             0.2 s delay
[16:01:38]{training.py:95} INFO - Hold movement exceeded. Timeout for 0.17s
[16:01:40]{training.py:141} INFO - Ending trial 10 with success due to "goal" after 2.7 s
[16:01:40]{training.py:149} INFO - Total: 10, Successes: 7 (70.0% correct)!
[16:01:42]{training.py:75} INFO - Starting trial 11 from the left with             0.2 s delay
[16:01:42]{training.py:95} INFO - Hold movement exceeded. Timeout for 0.24s
[16:02:07]{training.py:141} INFO - Ending trial 11 with failure due to "overshoot" after 25.5 s
[16:02:07]{training.py:149} INFO - Total: 11, Successes: 7 (63.6% correct)!
[16:02:09]{training.py:75} INFO - Starting trial 12 from the left with             0.1 s delay
[16:02:10]{training.py:95} INFO - Hold movement exceeded. Timeout for 0.09s
[16:02:20]{training.py:141} INFO - Ending trial 12 with success due to "goal" after 10.9 s
[16:02:20]{training.py:149} INFO - Total: 12, Successes: 8 (66.7% correct)!
[16:02:22]{training.py:75} INFO - Starting trial 13 from the left with             0.1 s delay
[16:02:22]{training.py:95} INFO - Hold movement exceeded. Timeout for 0.13s
[16:02:22]{training.py:95} INFO - Hold movement exceeded. Timeout for 0.13s
[16:02:23]{training.py:141} INFO - Ending trial 13 with failure due to "overshoot" after 1.4 s
[16:02:23]{training.py:149} INFO - Total: 13, Successes: 8 (61.5% correct)!
[16:02:25]{training.py:75} INFO - Starting trial 14 from the left with             0.3 s delay
[16:02:26]{training.py:95} INFO - Hold movement exceeded. Timeout for 0.32s
[16:02:26]{training.py:95} INFO - Hold movement exceeded. Timeout for 0.32s
[16:02:26]{training.py:95} INFO - Hold movement exceeded. Timeout for 0.32s
[16:02:27]{training.py:95} INFO - Hold movement exceeded. Timeout for 0.32s
[16:02:27]{training.py:95} INFO - Hold movement exceeded. Timeout for 0.32s
[16:03:10]{training.py:141} INFO - Ending trial 14 with failure due to "overshoot" after 44.8 s
[16:03:10]{training.py:149} INFO - Total: 14, Successes: 8 (57.1% correct)!
[16:03:12]{training.py:75} INFO - Starting trial 15 from the left with             0.4 s delay
[16:03:13]{training.py:95} INFO - Hold movement exceeded. Timeout for 0.40s
[16:03:20]{training.py:141} INFO - Ending trial 15 with failure due to "overshoot" after 7.5 s
[16:03:20]{training.py:149} INFO - Total: 15, Successes: 8 (53.3% correct)!
[16:03:22]{training.py:75} INFO - Starting trial 16 from the left with             0.5 s delay
[16:03:22]{training.py:95} INFO - Hold movement exceeded. Timeout for 0.47s
[16:03:23]{training.py:95} INFO - Hold movement exceeded. Timeout for 0.47s
[16:03:23]{training.py:95} INFO - Hold movement exceeded. Timeout for 0.47s
[16:03:24]{training.py:95} INFO - Hold movement exceeded. Timeout for 0.47s
[16:03:24]{training.py:141} INFO - Ending trial 16 with success due to "goal" after 2.6 s
[16:03:24]{training.py:149} INFO - Total: 16, Successes: 9 (56.2% correct)!
[16:03:26]{training.py:75} INFO - Starting trial 17 from the left with             0.3 s delay
[16:03:26]{training.py:95} INFO - Hold movement exceeded. Timeout for 0.34s
[16:04:14]{training.py:141} INFO - Ending trial 17 with success due to "goal" after 47.9 s
[16:04:14]{training.py:149} INFO - Total: 17, Successes: 10 (58.8% correct)!
[16:04:15]{training.py:75} INFO - Starting trial 18 from the left with             0.2 s delay
[16:04:15]{training.py:95} INFO - Hold movement exceeded. Timeout for 0.19s
[16:04:16]{training.py:95} INFO - Hold movement exceeded. Timeout for 0.19s
[16:04:16]{training.py:95} INFO - Hold movement exceeded. Timeout for 0.19s
[16:04:16]{training.py:95} INFO - Hold movement exceeded. Timeout for 0.19s
[16:04:16]{training.py:95} INFO - Hold movement exceeded. Timeout for 0.19s
[16:04:17]{training.py:95} INFO - Hold movement exceeded. Timeout for 0.19s
[16:04:17]{training.py:95} INFO - Hold movement exceeded. Timeout for 0.19s
[16:04:17]{training.py:95} INFO - Hold movement exceeded. Timeout for 0.19s
[16:04:17]{training.py:95} INFO - Hold movement exceeded. Timeout for 0.19s
[16:04:17]{training.py:95} INFO - Hold movement exceeded. Timeout for 0.19s
[16:04:18]{training.py:95} INFO - Hold movement exceeded. Timeout for 0.19s
[16:04:18]{training.py:95} INFO - Hold movement exceeded. Timeout for 0.19s
[16:04:18]{training.py:95} INFO - Hold movement exceeded. Timeout for 0.19s
[16:05:15]{training.py:141} INFO - Ending trial 18 with failure due to "timeout" after 60.0 s
[16:05:15]{training.py:149} INFO - Total: 18, Successes: 10 (55.6% correct)!
[16:05:17]{training.py:75} INFO - Starting trial 19 from the left with             0.3 s delay
[16:05:18]{training.py:95} INFO - Hold movement exceeded. Timeout for 0.27s
[16:05:51]{training.py:141} INFO - Ending trial 19 with failure due to "overshoot" after 33.8 s
[16:05:51]{training.py:149} INFO - Total: 19, Successes: 10 (52.6% correct)!
[16:05:53]{training.py:75} INFO - Starting trial 20 from the left with             0.2 s delay
[16:05:53]{training.py:95} INFO - Hold movement exceeded. Timeout for 0.16s
[16:05:54]{training.py:95} INFO - Hold movement exceeded. Timeout for 0.16s
[16:05:54]{training.py:95} INFO - Hold movement exceeded. Timeout for 0.16s
[16:05:54]{training.py:141} INFO - Ending trial 20 with failure due to "overshoot" after 0.9 s
[16:05:54]{training.py:149} INFO - Total: 20, Successes: 10 (50.0% correct)!
[16:05:56]{training.py:75} INFO - Starting trial 21 from the left with             0.1 s delay
[16:05:56]{training.py:95} INFO - Hold movement exceeded. Timeout for 0.10s
[16:06:56]{training.py:141} INFO - Ending trial 21 with failure due to "timeout" after 60.0 s
[16:06:56]{training.py:149} INFO - Total: 21, Successes: 10 (47.6% correct)!
[16:06:58]{training.py:75} INFO - Starting trial 22 from the left with             0.1 s delay
[16:06:58]{training.py:95} INFO - Hold movement exceeded. Timeout for 0.05s
[16:07:37]{training.py:141} INFO - Ending trial 22 with failure due to "overshoot" after 38.7 s
[16:07:37]{training.py:149} INFO - Total: 22, Successes: 10 (45.5% correct)!
[16:07:39]{training.py:75} INFO - Starting trial 23 from the left with             0.1 s delay
[16:07:39]{training.py:95} INFO - Hold movement exceeded. Timeout for 0.14s
[16:08:39]{training.py:141} INFO - Ending trial 23 with failure due to "timeout" after 60.0 s
[16:08:39]{training.py:149} INFO - Total: 23, Successes: 10 (43.5% correct)!
[16:08:41]{training.py:75} INFO - Starting trial 24 from the left with             0.2 s delay
[16:08:41]{training.py:95} INFO - Hold movement exceeded. Timeout for 0.17s
[16:09:07]{training.py:141} INFO - Ending trial 24 with success due to "goal" after 25.5 s
[16:09:07]{training.py:149} INFO - Total: 24, Successes: 11 (45.8% correct)!
[16:09:08]{training.py:75} INFO - Starting trial 25 from the left with             0.3 s delay
[16:09:08]{training.py:95} INFO - Hold movement exceeded. Timeout for 0.25s
[16:09:09]{training.py:95} INFO - Hold movement exceeded. Timeout for 0.25s
[16:09:09]{training.py:95} INFO - Hold movement exceeded. Timeout for 0.25s
[16:09:09]{training.py:95} INFO - Hold movement exceeded. Timeout for 0.25s
[16:09:09]{training.py:95} INFO - Hold movement exceeded. Timeout for 0.25s
[16:09:10]{training.py:141} INFO - Ending trial 25 with success due to "goal" after 1.7 s
[16:09:10]{training.py:149} INFO - Total: 25, Successes: 12 (48.0% correct)!
[16:09:11]{training.py:75} INFO - Starting trial 26 from the left with             0.2 s delay
[16:09:11]{training.py:95} INFO - Hold movement exceeded. Timeout for 0.16s
[16:09:12]{training.py:141} INFO - Ending trial 26 with success due to "goal" after 0.7 s
[16:09:12]{training.py:149} INFO - Total: 26, Successes: 13 (50.0% correct)!
[16:09:13]{training.py:75} INFO - Starting trial 27 from the left with             0.2 s delay
[16:09:14]{training.py:95} INFO - Hold movement exceeded. Timeout for 0.20s
[16:09:14]{training.py:95} INFO - Hold movement exceeded. Timeout for 0.20s
[16:09:24]{training.py:141} INFO - Ending trial 27 with success due to "goal" after 10.9 s
[16:09:24]{training.py:149} INFO - Total: 27, Successes: 14 (51.9% correct)!
[16:09:26]{training.py:75} INFO - Starting trial 28 from the left with             0.2 s delay
[16:09:26]{training.py:95} INFO - Hold movement exceeded. Timeout for 0.19s
[16:09:27]{training.py:141} INFO - Ending trial 28 with success due to "goal" after 1.0 s
[16:09:27]{training.py:149} INFO - Total: 28, Successes: 15 (53.6% correct)!
[16:09:28]{training.py:75} INFO - Starting trial 29 from the left with             0.3 s delay
[16:09:29]{training.py:95} INFO - Hold movement exceeded. Timeout for 0.32s
[16:09:29]{training.py:95} INFO - Hold movement exceeded. Timeout for 0.32s
[16:10:28]{training.py:141} INFO - Ending trial 29 with failure due to "timeout" after 60.0 s
[16:10:28]{training.py:149} INFO - Total: 29, Successes: 15 (51.7% correct)!
[16:10:30]{training.py:75} INFO - Starting trial 30 from the left with             0.1 s delay
[16:10:31]{training.py:95} INFO - Hold movement exceeded. Timeout for 0.07s
[16:10:32]{training.py:141} INFO - Ending trial 30 with failure due to "overshoot" after 1.5 s
[16:10:32]{training.py:149} INFO - Total: 30, Successes: 15 (50.0% correct)!
[16:10:34]{training.py:75} INFO - Starting trial 31 from the left with             0.2 s delay
[16:10:34]{training.py:95} INFO - Hold movement exceeded. Timeout for 0.21s
[16:10:39]{training.py:141} INFO - Ending trial 31 with failure due to "overshoot" after 5.0 s
[16:10:39]{training.py:149} INFO - Total: 31, Successes: 15 (48.4% correct)!
[16:10:41]{training.py:75} INFO - Starting trial 32 from the left with             0.5 s delay
[16:10:42]{training.py:95} INFO - Hold movement exceeded. Timeout for 0.48s
[16:10:42]{training.py:95} INFO - Hold movement exceeded. Timeout for 0.48s
[16:10:43]{training.py:95} INFO - Hold movement exceeded. Timeout for 0.48s
[16:10:43]{training.py:95} INFO - Hold movement exceeded. Timeout for 0.48s
[16:10:44]{training.py:95} INFO - Hold movement exceeded. Timeout for 0.48s
[16:10:44]{training.py:95} INFO - Hold movement exceeded. Timeout for 0.48s
[16:10:46]{training.py:141} INFO - Ending trial 32 with failure due to "overshoot" after 5.4 s
[16:10:46]{training.py:149} INFO - Total: 32, Successes: 15 (46.9% correct)!
[16:10:48]{training.py:75} INFO - Starting trial 33 from the right with             0.1 s delay
[16:10:49]{training.py:95} INFO - Hold movement exceeded. Timeout for 0.05s
[16:11:13]{training.py:141} INFO - Ending trial 33 with success due to "goal" after 24.1 s
[16:11:13]{training.py:149} INFO - Total: 33, Successes: 16 (48.5% correct)!
[16:11:14]{training.py:75} INFO - Starting trial 34 from the right with             0.4 s delay
[16:11:14]{training.py:95} INFO - Hold movement exceeded. Timeout for 0.38s
[16:11:15]{training.py:141} INFO - Ending trial 34 with failure due to "overshoot" after 1.3 s
[16:11:15]{training.py:149} INFO - Total: 34, Successes: 16 (47.1% correct)!
[16:11:17]{training.py:75} INFO - Starting trial 35 from the right with             0.4 s delay
[16:11:18]{training.py:95} INFO - Hold movement exceeded. Timeout for 0.35s
[16:11:53]{training.py:141} INFO - Ending trial 35 with success due to "goal" after 35.1 s
[16:11:53]{training.py:149} INFO - Total: 35, Successes: 17 (48.6% correct)!
[16:11:54]{training.py:75} INFO - Starting trial 36 from the right with             0.3 s delay
[16:11:54]{training.py:95} INFO - Hold movement exceeded. Timeout for 0.30s
[16:11:55]{training.py:95} INFO - Hold movement exceeded. Timeout for 0.30s
[16:11:55]{training.py:141} INFO - Ending trial 36 with failure due to "overshoot" after 1.1 s
[16:11:55]{training.py:149} INFO - Total: 36, Successes: 17 (47.2% correct)!
[16:11:57]{training.py:75} INFO - Starting trial 37 from the right with             0.4 s delay
[16:12:57]{training.py:141} INFO - Ending trial 37 with failure due to "timeout" after 60.0 s
[16:12:57]{training.py:149} INFO - Total: 37, Successes: 17 (45.9% correct)!
[16:12:59]{training.py:75} INFO - Starting trial 38 from the right with             0.2 s delay
[16:13:00]{training.py:95} INFO - Hold movement exceeded. Timeout for 0.21s
[16:13:47]{training.py:141} INFO - Ending trial 38 with failure due to "overshoot" after 47.4 s
[16:13:47]{training.py:149} INFO - Total: 38, Successes: 17 (44.7% correct)!
[16:13:49]{training.py:75} INFO - Starting trial 39 from the right with             0.5 s delay
[16:13:49]{training.py:95} INFO - Hold movement exceeded. Timeout for 0.50s
[16:13:54]{training.py:141} INFO - Ending trial 39 with success due to "goal" after 4.8 s
[16:13:54]{training.py:149} INFO - Total: 39, Successes: 18 (46.2% correct)!
[16:13:55]{training.py:75} INFO - Starting trial 40 from the right with             0.1 s delay
[16:13:55]{training.py:95} INFO - Hold movement exceeded. Timeout for 0.10s
[16:13:56]{training.py:141} INFO - Ending trial 40 with failure due to "overshoot" after 1.3 s
[16:13:56]{training.py:149} INFO - Total: 40, Successes: 18 (45.0% correct)!
[16:13:58]{training.py:75} INFO - Starting trial 41 from the right with             0.1 s delay
[16:13:59]{training.py:95} INFO - Hold movement exceeded. Timeout for 0.06s
[16:14:58]{training.py:141} INFO - Ending trial 41 with failure due to "timeout" after 60.0 s
[16:14:58]{training.py:149} INFO - Total: 41, Successes: 18 (43.9% correct)!
[16:15:00]{training.py:75} INFO - Starting trial 42 from the right with             0.3 s delay
[16:15:01]{training.py:95} INFO - Hold movement exceeded. Timeout for 0.31s
[16:15:16]{training.py:141} INFO - Ending trial 42 with failure due to "overshoot" after 15.7 s
[16:15:16]{training.py:149} INFO - Total: 42, Successes: 18 (42.9% correct)!
[16:15:18]{training.py:75} INFO - Starting trial 43 from the right with             0.1 s delay
[16:15:18]{training.py:95} INFO - Hold movement exceeded. Timeout for 0.12s
[16:15:28]{training.py:141} INFO - Ending trial 43 with failure due to "overshoot" after 9.7 s
[16:15:28]{training.py:149} INFO - Total: 43, Successes: 18 (41.9% correct)!
[16:15:30]{training.py:75} INFO - Starting trial 44 from the right with             0.2 s delay
[16:15:30]{training.py:95} INFO - Hold movement exceeded. Timeout for 0.16s
[16:16:30]{training.py:141} INFO - Ending trial 44 with success due to "goal" after 59.6 s
[16:16:30]{training.py:149} INFO - Total: 44, Successes: 19 (43.2% correct)!
[16:16:31]{training.py:75} INFO - Starting trial 45 from the right with             0.3 s delay
[16:16:32]{training.py:95} INFO - Hold movement exceeded. Timeout for 0.30s
[16:16:32]{training.py:141} INFO - Ending trial 45 with failure due to "overshoot" after 0.8 s
[16:16:32]{training.py:149} INFO - Total: 45, Successes: 19 (42.2% correct)!
[16:16:34]{training.py:75} INFO - Starting trial 46 from the right with             0.1 s delay
[16:16:34]{training.py:95} INFO - Hold movement exceeded. Timeout for 0.05s
[16:16:44]{training.py:141} INFO - Ending trial 46 with success due to "goal" after 10.1 s
[16:16:44]{training.py:149} INFO - Total: 46, Successes: 20 (43.5% correct)!
[16:16:46]{training.py:75} INFO - Starting trial 47 from the right with             0.2 s delay
[16:16:46]{training.py:95} INFO - Hold movement exceeded. Timeout for 0.21s
[16:16:46]{training.py:95} INFO - Hold movement exceeded. Timeout for 0.21s
[16:16:46]{training.py:95} INFO - Hold movement exceeded. Timeout for 0.21s
[16:16:47]{training.py:95} INFO - Hold movement exceeded. Timeout for 0.21s
[16:16:47]{training.py:95} INFO - Hold movement exceeded. Timeout for 0.21s
[16:16:47]{training.py:95} INFO - Hold movement exceeded. Timeout for 0.21s
[16:16:47]{training.py:95} INFO - Hold movement exceeded. Timeout for 0.21s
[16:16:48]{training.py:95} INFO - Hold movement exceeded. Timeout for 0.21s
[16:16:48]{training.py:95} INFO - Hold movement exceeded. Timeout for 0.21s
[16:16:48]{training.py:95} INFO - Hold movement exceeded. Timeout for 0.21s
[16:16:48]{training.py:95} INFO - Hold movement exceeded. Timeout for 0.21s
[16:16:49]{training.py:95} INFO - Hold movement exceeded. Timeout for 0.21s
[16:16:49]{training.py:95} INFO - Hold movement exceeded. Timeout for 0.21s
[16:16:49]{training.py:95} INFO - Hold movement exceeded. Timeout for 0.21s
[16:16:49]{training.py:95} INFO - Hold movement exceeded. Timeout for 0.21s
[16:16:50]{training.py:95} INFO - Hold movement exceeded. Timeout for 0.21s
[16:16:50]{training.py:95} INFO - Hold movement exceeded. Timeout for 0.21s
[16:16:51]{training.py:141} INFO - Ending trial 47 with failure due to "overshoot" after 5.1 s
[16:16:51]{training.py:149} INFO - Total: 47, Successes: 20 (42.6% correct)!
[16:16:53]{training.py:75} INFO - Starting trial 48 from the right with             0.4 s delay
[16:16:53]{training.py:95} INFO - Hold movement exceeded. Timeout for 0.38s
[16:17:11]{training.py:141} INFO - Ending trial 48 with failure due to "overshoot" after 17.9 s
[16:17:11]{training.py:149} INFO - Total: 48, Successes: 20 (41.7% correct)!
[16:17:13]{training.py:75} INFO - Starting trial 49 from the right with             0.4 s delay
[16:17:13]{training.py:95} INFO - Hold movement exceeded. Timeout for 0.41s
[16:17:17]{training.py:141} INFO - Ending trial 49 with success due to "goal" after 4.4 s
[16:17:17]{training.py:149} INFO - Total: 49, Successes: 21 (42.9% correct)!
[16:17:19]{training.py:75} INFO - Starting trial 50 from the right with             0.3 s delay
[16:17:19]{training.py:95} INFO - Hold movement exceeded. Timeout for 0.26s
[16:17:19]{training.py:95} INFO - Hold movement exceeded. Timeout for 0.26s
[16:17:20]{training.py:95} INFO - Hold movement exceeded. Timeout for 0.26s
[16:17:20]{training.py:95} INFO - Hold movement exceeded. Timeout for 0.26s
[16:17:20]{training.py:95} INFO - Hold movement exceeded. Timeout for 0.26s
[16:17:21]{training.py:95} INFO - Hold movement exceeded. Timeout for 0.26s
[16:17:21]{training.py:95} INFO - Hold movement exceeded. Timeout for 0.26s
[16:17:29]{training.py:141} INFO - Ending trial 50 with failure due to "overshoot" after 10.6 s
[16:17:29]{training.py:149} INFO - Total: 50, Successes: 21 (42.0% correct)!
[16:17:31]{training.py:75} INFO - Starting trial 51 from the right with             0.1 s delay
[16:17:32]{training.py:95} INFO - Hold movement exceeded. Timeout for 0.11s
[16:17:50]{training.py:141} INFO - Ending trial 51 with success due to "goal" after 18.1 s
[16:17:50]{training.py:149} INFO - Total: 51, Successes: 22 (43.1% correct)!
[16:17:51]{training.py:75} INFO - Starting trial 52 from the right with             0.2 s delay
[16:17:51]{training.py:95} INFO - Hold movement exceeded. Timeout for 0.19s
[16:17:52]{training.py:141} INFO - Ending trial 52 with failure due to "overshoot" after 0.7 s
[16:17:52]{training.py:149} INFO - Total: 52, Successes: 22 (42.3% correct)!
[16:17:54]{training.py:75} INFO - Starting trial 53 from the right with             0.1 s delay
[16:17:54]{training.py:95} INFO - Hold movement exceeded. Timeout for 0.14s
[16:18:54]{training.py:141} INFO - Ending trial 53 with failure due to "timeout" after 60.0 s
[16:18:54]{training.py:149} INFO - Total: 53, Successes: 22 (41.5% correct)!
[16:18:56]{training.py:75} INFO - Starting trial 54 from the right with             0.1 s delay
[16:18:56]{training.py:95} INFO - Hold movement exceeded. Timeout for 0.13s
[16:19:19]{training.py:141} INFO - Ending trial 54 with failure due to "overshoot" after 23.6 s
[16:19:19]{training.py:149} INFO - Total: 54, Successes: 22 (40.7% correct)!
[16:19:22]{training.py:75} INFO - Starting trial 55 from the right with             0.3 s delay
[16:19:22]{training.py:95} INFO - Hold movement exceeded. Timeout for 0.34s
[16:20:05]{training.py:141} INFO - Ending trial 55 with failure due to "overshoot" after 43.8 s
[16:20:05]{training.py:149} INFO - Total: 55, Successes: 22 (40.0% correct)!
[16:20:07]{training.py:75} INFO - Starting trial 56 from the right with             0.1 s delay
[16:20:08]{training.py:95} INFO - Hold movement exceeded. Timeout for 0.12s
[16:20:30]{training.py:141} INFO - Ending trial 56 with success due to "goal" after 22.4 s
[16:20:30]{training.py:149} INFO - Total: 56, Successes: 23 (41.1% correct)!
[16:20:31]{training.py:75} INFO - Starting trial 57 from the right with             0.3 s delay
[16:20:32]{training.py:95} INFO - Hold movement exceeded. Timeout for 0.33s
[16:20:32]{training.py:95} INFO - Hold movement exceeded. Timeout for 0.33s
[16:20:32]{training.py:95} INFO - Hold movement exceeded. Timeout for 0.33s
[16:20:33]{training.py:95} INFO - Hold movement exceeded. Timeout for 0.33s
[16:20:33]{training.py:95} INFO - Hold movement exceeded. Timeout for 0.33s
[16:20:33]{training.py:95} INFO - Hold movement exceeded. Timeout for 0.33s
[16:20:34]{training.py:95} INFO - Hold movement exceeded. Timeout for 0.33s
[16:20:34]{training.py:95} INFO - Hold movement exceeded. Timeout for 0.33s
[16:20:35]{training.py:95} INFO - Hold movement exceeded. Timeout for 0.33s
[16:20:35]{training.py:95} INFO - Hold movement exceeded. Timeout for 0.33s
[16:20:39]{training.py:141} INFO - Ending trial 57 with failure due to "overshoot" after 7.4 s
[16:20:39]{training.py:149} INFO - Total: 57, Successes: 23 (40.4% correct)!
[16:20:41]{training.py:75} INFO - Starting trial 58 from the right with             0.4 s delay
[16:20:41]{training.py:95} INFO - Hold movement exceeded. Timeout for 0.44s
[16:21:02]{training.py:141} INFO - Ending trial 58 with failure due to "overshoot" after 21.0 s
[16:21:02]{training.py:149} INFO - Total: 58, Successes: 23 (39.7% correct)!
[16:21:04]{training.py:75} INFO - Starting trial 59 from the right with             0.1 s delay
[16:21:04]{training.py:95} INFO - Hold movement exceeded. Timeout for 0.11s
[16:21:40]{training.py:141} INFO - Ending trial 59 with success due to "goal" after 36.6 s
[16:21:40]{training.py:149} INFO - Total: 59, Successes: 24 (40.7% correct)!
[16:21:42]{training.py:75} INFO - Starting trial 60 from the right with             0.3 s delay
[16:21:42]{training.py:95} INFO - Hold movement exceeded. Timeout for 0.33s
[16:21:43]{training.py:95} INFO - Hold movement exceeded. Timeout for 0.33s
[16:21:43]{training.py:95} INFO - Hold movement exceeded. Timeout for 0.33s
[16:21:43]{training.py:95} INFO - Hold movement exceeded. Timeout for 0.33s
[16:21:52]{training.py:141} INFO - Ending trial 60 with failure due to "overshoot" after 9.9 s
[16:21:52]{training.py:149} INFO - Total: 60, Successes: 24 (40.0% correct)!
[16:21:54]{training.py:75} INFO - Starting trial 61 from the right with             0.2 s delay
[16:21:54]{training.py:95} INFO - Hold movement exceeded. Timeout for 0.23s
[16:21:58]{training.py:141} INFO - Ending trial 61 with success due to "goal" after 3.8 s
[16:21:58]{training.py:149} INFO - Total: 61, Successes: 25 (41.0% correct)!
[16:21:59]{training.py:75} INFO - Starting trial 62 from the right with             0.1 s delay
[16:21:59]{training.py:95} INFO - Hold movement exceeded. Timeout for 0.14s
[16:22:13]{training.py:141} INFO - Ending trial 62 with success due to "goal" after 13.9 s
[16:22:13]{training.py:149} INFO - Total: 62, Successes: 26 (41.9% correct)!
[16:22:15]{training.py:75} INFO - Starting trial 63 from the right with             0.3 s delay
[16:22:15]{training.py:95} INFO - Hold movement exceeded. Timeout for 0.27s
[16:22:15]{training.py:95} INFO - Hold movement exceeded. Timeout for 0.27s
[16:22:16]{training.py:95} INFO - Hold movement exceeded. Timeout for 0.27s
[16:22:17]{training.py:141} INFO - Ending trial 63 with success due to "goal" after 2.2 s
[16:22:17]{training.py:149} INFO - Total: 63, Successes: 27 (42.9% correct)!
[16:22:18]{training.py:75} INFO - Starting trial 64 from the right with             0.4 s delay
[16:22:21]{training.py:141} INFO - Ending trial 64 with success due to "goal" after 2.1 s
[16:22:21]{training.py:149} INFO - Total: 64, Successes: 28 (43.8% correct)!
[16:22:22]{training.py:75} INFO - Starting trial 65 from the right with             0.5 s delay
[16:22:23]{training.py:95} INFO - Hold movement exceeded. Timeout for 0.48s
[16:22:28]{training.py:141} INFO - Ending trial 65 with success due to "goal" after 6.0 s
[16:22:28]{training.py:149} INFO - Total: 65, Successes: 29 (44.6% correct)!
[16:22:30]{training.py:75} INFO - Starting trial 66 from the right with             0.2 s delay
[16:22:30]{training.py:95} INFO - Hold movement exceeded. Timeout for 0.18s
[16:22:31]{training.py:141} INFO - Ending trial 66 with success due to "goal" after 1.2 s
[16:22:31]{training.py:149} INFO - Total: 66, Successes: 30 (45.5% correct)!
[16:22:32]{training.py:75} INFO - Starting trial 67 from the right with             0.1 s delay
[16:22:32]{training.py:95} INFO - Hold movement exceeded. Timeout for 0.07s
[16:22:33]{training.py:141} INFO - Ending trial 67 with success due to "goal" after 0.6 s
[16:22:33]{training.py:149} INFO - Total: 67, Successes: 31 (46.3% correct)!
[16:22:34]{training.py:75} INFO - Starting trial 68 from the right with             0.4 s delay
[16:22:35]{training.py:95} INFO - Hold movement exceeded. Timeout for 0.39s
[16:22:35]{training.py:95} INFO - Hold movement exceeded. Timeout for 0.39s
[16:23:11]{training.py:141} INFO - Ending trial 68 with failure due to "overshoot" after 36.8 s
[16:23:11]{training.py:149} INFO - Total: 68, Successes: 31 (45.6% correct)!
[16:23:13]{training.py:75} INFO - Starting trial 69 from the right with             0.5 s delay
[16:23:14]{training.py:95} INFO - Hold movement exceeded. Timeout for 0.46s
[16:23:14]{training.py:95} INFO - Hold movement exceeded. Timeout for 0.46s
[16:23:15]{training.py:95} INFO - Hold movement exceeded. Timeout for 0.46s
[16:23:15]{training.py:95} INFO - Hold movement exceeded. Timeout for 0.46s
[16:23:31]{training.py:141} INFO - Ending trial 69 with failure due to "overshoot" after 17.4 s
[16:23:31]{training.py:149} INFO - Total: 69, Successes: 31 (44.9% correct)!
[16:23:33]{training.py:75} INFO - Starting trial 70 from the right with             0.1 s delay
[16:23:33]{training.py:95} INFO - Hold movement exceeded. Timeout for 0.10s
[16:23:41]{training.py:141} INFO - Ending trial 70 with failure due to "overshoot" after 8.3 s
[16:23:41]{training.py:149} INFO - Total: 70, Successes: 31 (44.3% correct)!
[16:23:43]{training.py:75} INFO - Starting trial 71 from the right with             0.1 s delay
[16:23:43]{training.py:95} INFO - Hold movement exceeded. Timeout for 0.10s
[16:24:14]{training.py:141} INFO - Ending trial 71 with success due to "goal" after 31.2 s
[16:24:14]{training.py:149} INFO - Total: 71, Successes: 32 (45.1% correct)!
[16:24:16]{training.py:75} INFO - Starting trial 72 from the right with             0.4 s delay
[16:24:16]{training.py:95} INFO - Hold movement exceeded. Timeout for 0.41s
[16:24:17]{training.py:95} INFO - Hold movement exceeded. Timeout for 0.41s
[16:24:17]{training.py:95} INFO - Hold movement exceeded. Timeout for 0.41s
[16:24:18]{training.py:95} INFO - Hold movement exceeded. Timeout for 0.41s
[16:24:18]{training.py:95} INFO - Hold movement exceeded. Timeout for 0.41s
[16:24:18]{training.py:95} INFO - Hold movement exceeded. Timeout for 0.41s
[16:24:19]{training.py:95} INFO - Hold movement exceeded. Timeout for 0.41s
[16:24:19]{training.py:95} INFO - Hold movement exceeded. Timeout for 0.41s
[16:24:20]{training.py:95} INFO - Hold movement exceeded. Timeout for 0.41s
[16:24:20]{training.py:95} INFO - Hold movement exceeded. Timeout for 0.41s
[16:24:21]{training.py:95} INFO - Hold movement exceeded. Timeout for 0.41s
[16:24:21]{training.py:95} INFO - Hold movement exceeded. Timeout for 0.41s
[16:25:16]{training.py:141} INFO - Ending trial 72 with failure due to "timeout" after 60.0 s
[16:25:16]{training.py:149} INFO - Total: 72, Successes: 32 (44.4% correct)!
[16:25:18]{training.py:75} INFO - Starting trial 73 from the right with             0.3 s delay
[16:25:18]{training.py:95} INFO - Hold movement exceeded. Timeout for 0.25s
[16:26:01]{training.py:141} INFO - Ending trial 73 with failure due to "overshoot" after 43.0 s
[16:26:01]{training.py:149} INFO - Total: 73, Successes: 32 (43.8% correct)!
[16:26:03]{training.py:75} INFO - Starting trial 74 from the right with             0.4 s delay
[16:26:03]{training.py:95} INFO - Hold movement exceeded. Timeout for 0.41s
[16:26:23]{training.py:141} INFO - Ending trial 74 with success due to "goal" after 19.8 s
[16:26:23]{training.py:149} INFO - Total: 74, Successes: 33 (44.6% correct)!
[16:26:24]{training.py:75} INFO - Starting trial 75 from the right with             0.0 s delay
[16:26:24]{training.py:95} INFO - Hold movement exceeded. Timeout for 0.05s
[16:26:24]{training.py:95} INFO - Hold movement exceeded. Timeout for 0.05s
[16:26:24]{training.py:95} INFO - Hold movement exceeded. Timeout for 0.05s
[16:26:24]{training.py:95} INFO - Hold movement exceeded. Timeout for 0.05s
[16:26:25]{training.py:95} INFO - Hold movement exceeded. Timeout for 0.05s
[16:26:25]{training.py:141} INFO - Ending trial 75 with success due to "goal" after 0.7 s
[16:26:25]{training.py:149} INFO - Total: 75, Successes: 34 (45.3% correct)!
[16:26:26]{training.py:75} INFO - Starting trial 76 from the right with             0.5 s delay
[16:26:27]{training.py:95} INFO - Hold movement exceeded. Timeout for 0.47s
[16:26:34]{training.py:141} INFO - Ending trial 76 with failure due to "overshoot" after 7.3 s
[16:26:34]{training.py:149} INFO - Total: 76, Successes: 34 (44.7% correct)!
[16:26:36]{training.py:75} INFO - Starting trial 77 from the right with             0.1 s delay
[16:26:36]{training.py:95} INFO - Hold movement exceeded. Timeout for 0.10s
[16:26:38]{training.py:141} INFO - Ending trial 77 with failure due to "overshoot" after 2.0 s
[16:26:38]{training.py:149} INFO - Total: 77, Successes: 34 (44.2% correct)!
[16:26:40]{training.py:75} INFO - Starting trial 78 from the right with             0.1 s delay
[16:26:40]{training.py:95} INFO - Hold movement exceeded. Timeout for 0.09s
[16:27:16]{training.py:141} INFO - Ending trial 78 with success due to "goal" after 36.5 s
[16:27:16]{training.py:149} INFO - Total: 78, Successes: 35 (44.9% correct)!
[16:27:18]{training.py:75} INFO - Starting trial 79 from the right with             0.3 s delay
[16:27:18]{training.py:95} INFO - Hold movement exceeded. Timeout for 0.26s
[16:27:19]{training.py:141} INFO - Ending trial 79 with failure due to "overshoot" after 0.8 s
[16:27:19]{training.py:149} INFO - Total: 79, Successes: 35 (44.3% correct)!
[16:27:21]{training.py:75} INFO - Starting trial 80 from the right with             0.3 s delay
[16:27:21]{training.py:95} INFO - Hold movement exceeded. Timeout for 0.32s
[16:27:25]{training.py:141} INFO - Ending trial 80 with failure due to "overshoot" after 3.9 s
[16:27:25]{training.py:149} INFO - Total: 80, Successes: 35 (43.8% correct)!
[16:27:27]{training.py:75} INFO - Starting trial 81 from the right with             0.1 s delay
[16:27:27]{training.py:95} INFO - Hold movement exceeded. Timeout for 0.13s
[16:28:27]{training.py:141} INFO - Ending trial 81 with failure due to "timeout" after 60.0 s
[16:28:27]{training.py:149} INFO - Total: 81, Successes: 35 (43.2% correct)!
[16:28:29]{training.py:75} INFO - Starting trial 82 from the right with             0.4 s delay
[16:28:29]{training.py:95} INFO - Hold movement exceeded. Timeout for 0.41s
[16:29:02]{training.py:141} INFO - Ending trial 82 with success due to "goal" after 33.5 s
[16:29:02]{training.py:149} INFO - Total: 82, Successes: 36 (43.9% correct)!
[16:29:04]{training.py:75} INFO - Starting trial 83 from the right with             0.3 s delay
[16:29:04]{training.py:95} INFO - Hold movement exceeded. Timeout for 0.31s
[16:29:05]{training.py:95} INFO - Hold movement exceeded. Timeout for 0.31s
[16:29:05]{training.py:141} INFO - Ending trial 83 with success due to "goal" after 1.2 s
[16:29:05]{training.py:149} INFO - Total: 83, Successes: 37 (44.6% correct)!
[16:29:07]{training.py:75} INFO - Starting trial 84 from the right with             0.4 s delay
[16:29:07]{training.py:95} INFO - Hold movement exceeded. Timeout for 0.38s
[16:29:07]{training.py:95} INFO - Hold movement exceeded. Timeout for 0.38s
[16:29:08]{training.py:95} INFO - Hold movement exceeded. Timeout for 0.38s
[16:29:18]{training.py:141} INFO - Ending trial 84 with failure due to "overshoot" after 11.4 s
[16:29:18]{training.py:149} INFO - Total: 84, Successes: 37 (44.0% correct)!
[16:29:20]{training.py:75} INFO - Starting trial 85 from the right with             0.2 s delay
[16:29:20]{training.py:95} INFO - Hold movement exceeded. Timeout for 0.16s
[16:30:18]{training.py:141} INFO - Ending trial 85 with failure due to "overshoot" after 57.8 s
[16:30:18]{training.py:149} INFO - Total: 85, Successes: 37 (43.5% correct)!
[16:30:20]{training.py:75} INFO - Starting trial 86 from the right with             0.5 s delay
[16:30:20]{training.py:95} INFO - Hold movement exceeded. Timeout for 0.48s
[16:30:26]{training.py:141} INFO - Ending trial 86 with success due to "goal" after 6.6 s
[16:30:26]{training.py:149} INFO - Total: 86, Successes: 38 (44.2% correct)!
[16:30:28]{training.py:75} INFO - Starting trial 87 from the right with             0.4 s delay
[16:30:28]{training.py:95} INFO - Hold movement exceeded. Timeout for 0.42s
[16:30:29]{training.py:95} INFO - Hold movement exceeded. Timeout for 0.42s
[16:30:29]{training.py:95} INFO - Hold movement exceeded. Timeout for 0.42s
[16:30:30]{training.py:95} INFO - Hold movement exceeded. Timeout for 0.42s
[16:30:30]{training.py:141} INFO - Ending trial 87 with success due to "goal" after 2.5 s
[16:30:30]{training.py:149} INFO - Total: 87, Successes: 39 (44.8% correct)!
[16:30:32]{training.py:75} INFO - Starting trial 88 from the right with             0.3 s delay
[16:30:32]{training.py:95} INFO - Hold movement exceeded. Timeout for 0.32s
[16:30:33]{training.py:141} INFO - Ending trial 88 with failure due to "overshoot" after 1.1 s
[16:30:33]{training.py:149} INFO - Total: 88, Successes: 39 (44.3% correct)!
[16:30:35]{training.py:75} INFO - Starting trial 89 from the right with             0.3 s delay
[16:30:35]{training.py:95} INFO - Hold movement exceeded. Timeout for 0.29s
[16:30:36]{training.py:141} INFO - Ending trial 89 with success due to "goal" after 1.2 s
[16:30:36]{training.py:149} INFO - Total: 89, Successes: 40 (44.9% correct)!
[16:30:38]{training.py:75} INFO - Starting trial 90 from the right with             0.3 s delay
[16:30:38]{training.py:95} INFO - Hold movement exceeded. Timeout for 0.28s
[16:31:17]{training.py:141} INFO - Ending trial 90 with failure due to "overshoot" after 39.0 s
[16:31:17]{training.py:149} INFO - Total: 90, Successes: 40 (44.4% correct)!
[16:31:19]{training.py:75} INFO - Starting trial 91 from the right with             0.2 s delay
[16:31:19]{training.py:95} INFO - Hold movement exceeded. Timeout for 0.22s
[16:31:50]{training.py:141} INFO - Ending trial 91 with failure due to "overshoot" after 30.7 s
[16:31:50]{training.py:149} INFO - Total: 91, Successes: 40 (44.0% correct)!
[16:31:52]{training.py:75} INFO - Starting trial 92 from the right with             0.3 s delay
[16:31:52]{training.py:95} INFO - Hold movement exceeded. Timeout for 0.31s
[16:32:15]{training.py:141} INFO - Ending trial 92 with failure due to "overshoot" after 23.3 s
[16:32:15]{training.py:149} INFO - Total: 92, Successes: 40 (43.5% correct)!
[16:32:17]{training.py:75} INFO - Starting trial 93 from the right with             0.5 s delay
[16:32:18]{training.py:95} INFO - Hold movement exceeded. Timeout for 0.48s
[16:32:35]{training.py:141} INFO - Ending trial 93 with success due to "goal" after 18.0 s
[16:32:35]{training.py:149} INFO - Total: 93, Successes: 41 (44.1% correct)!
[16:32:37]{training.py:75} INFO - Starting trial 94 from the right with             0.2 s delay
[16:32:37]{training.py:95} INFO - Hold movement exceeded. Timeout for 0.21s
[16:32:37]{training.py:141} INFO - Ending trial 94 with success due to "goal" after 0.9 s
[16:32:37]{training.py:149} INFO - Total: 94, Successes: 42 (44.7% correct)!
[16:32:39]{training.py:75} INFO - Starting trial 95 from the right with             0.1 s delay
[16:32:39]{training.py:95} INFO - Hold movement exceeded. Timeout for 0.07s
[16:32:39]{training.py:95} INFO - Hold movement exceeded. Timeout for 0.07s
[16:32:39]{training.py:95} INFO - Hold movement exceeded. Timeout for 0.07s
[16:32:49]{training.py:141} INFO - Ending trial 95 with success due to "goal" after 9.7 s
[16:32:49]{training.py:149} INFO - Total: 95, Successes: 43 (45.3% correct)!
[16:32:50]{training.py:75} INFO - Starting trial 96 from the right with             0.4 s delay
[16:32:51]{training.py:95} INFO - Hold movement exceeded. Timeout for 0.44s
[16:32:51]{training.py:95} INFO - Hold movement exceeded. Timeout for 0.44s
[16:33:17]{training.py:141} INFO - Ending trial 96 with failure due to "overshoot" after 26.4 s
[16:33:17]{training.py:149} INFO - Total: 96, Successes: 43 (44.8% correct)!
[16:33:19]{training.py:75} INFO - Starting trial 97 from the right with             0.3 s delay
[16:33:19]{training.py:95} INFO - Hold movement exceeded. Timeout for 0.32s
[16:33:19]{training.py:95} INFO - Hold movement exceeded. Timeout for 0.32s
[16:33:20]{training.py:141} INFO - Ending trial 97 with success due to "goal" after 1.5 s
[16:33:20]{training.py:149} INFO - Total: 97, Successes: 44 (45.4% correct)!
[16:33:22]{training.py:75} INFO - Starting trial 98 from the right with             0.2 s delay
[16:33:22]{training.py:95} INFO - Hold movement exceeded. Timeout for 0.16s
[16:33:37]{training.py:141} INFO - Ending trial 98 with failure due to "overshoot" after 15.5 s
[16:33:37]{training.py:149} INFO - Total: 98, Successes: 44 (44.9% correct)!
[16:33:39]{training.py:75} INFO - Starting trial 99 from the right with             0.3 s delay
[16:33:40]{training.py:95} INFO - Hold movement exceeded. Timeout for 0.31s
[16:34:06]{training.py:141} INFO - Ending trial 99 with success due to "goal" after 26.9 s
[16:34:06]{training.py:149} INFO - Total: 99, Successes: 45 (45.5% correct)!
[16:34:08]{training.py:75} INFO - Starting trial 100 from the right with             0.2 s delay
[16:34:08]{training.py:95} INFO - Hold movement exceeded. Timeout for 0.23s
[16:34:08]{training.py:95} INFO - Hold movement exceeded. Timeout for 0.23s
[16:34:08]{training.py:95} INFO - Hold movement exceeded. Timeout for 0.23s
[16:34:09]{training.py:95} INFO - Hold movement exceeded. Timeout for 0.23s
[16:34:09]{training.py:95} INFO - Hold movement exceeded. Timeout for 0.23s
[16:34:09]{training.py:95} INFO - Hold movement exceeded. Timeout for 0.23s
[16:34:30]{training.py:141} INFO - Ending trial 100 with failure due to "overshoot" after 22.7 s
[16:34:30]{training.py:149} INFO - Total: 100, Successes: 45 (45.0% correct)!
[16:34:33]{training.py:75} INFO - Starting trial 101 from the right with             0.4 s delay
[16:34:33]{training.py:95} INFO - Hold movement exceeded. Timeout for 0.36s
[16:35:05]{training.py:141} INFO - Ending trial 101 with success due to "goal" after 32.9 s
[16:35:05]{training.py:149} INFO - Total: 101, Successes: 46 (45.5% correct)!
[16:35:07]{training.py:75} INFO - Starting trial 102 from the right with             0.3 s delay
[16:35:07]{training.py:95} INFO - Hold movement exceeded. Timeout for 0.34s
[16:35:08]{training.py:95} INFO - Hold movement exceeded. Timeout for 0.34s
[16:35:08]{training.py:95} INFO - Hold movement exceeded. Timeout for 0.34s
[16:35:08]{training.py:95} INFO - Hold movement exceeded. Timeout for 0.34s
[16:35:21]{training.py:141} INFO - Ending trial 102 with failure due to "overshoot" after 14.2 s
[16:35:21]{training.py:149} INFO - Total: 102, Successes: 46 (45.1% correct)!
[16:35:23]{training.py:75} INFO - Starting trial 103 from the right with             0.5 s delay
[16:35:24]{training.py:95} INFO - Hold movement exceeded. Timeout for 0.47s
[16:35:24]{training.py:95} INFO - Hold movement exceeded. Timeout for 0.47s
[16:35:25]{training.py:95} INFO - Hold movement exceeded. Timeout for 0.47s
[16:35:25]{training.py:95} INFO - Hold movement exceeded. Timeout for 0.47s
[16:35:26]{training.py:95} INFO - Hold movement exceeded. Timeout for 0.47s
[16:35:26]{training.py:95} INFO - Hold movement exceeded. Timeout for 0.47s
[16:35:27]{training.py:95} INFO - Hold movement exceeded. Timeout for 0.47s
[16:35:41]{training.py:141} INFO - Ending trial 103 with success due to "goal" after 17.6 s
[16:35:41]{training.py:149} INFO - Total: 103, Successes: 47 (45.6% correct)!
[16:35:42]{training.py:75} INFO - Starting trial 104 from the right with             0.4 s delay
[16:35:43]{training.py:95} INFO - Hold movement exceeded. Timeout for 0.44s
[16:35:43]{training.py:95} INFO - Hold movement exceeded. Timeout for 0.44s
[16:35:44]{training.py:95} INFO - Hold movement exceeded. Timeout for 0.44s
[16:35:44]{training.py:95} INFO - Hold movement exceeded. Timeout for 0.44s
[16:35:49]{training.py:141} INFO - Ending trial 104 with failure due to "overshoot" after 6.9 s
[16:35:49]{training.py:149} INFO - Total: 104, Successes: 47 (45.2% correct)!
[16:35:51]{training.py:75} INFO - Starting trial 105 from the left with             0.3 s delay
[16:35:52]{training.py:95} INFO - Hold movement exceeded. Timeout for 0.29s
[16:35:52]{training.py:95} INFO - Hold movement exceeded. Timeout for 0.29s
[16:35:52]{training.py:95} INFO - Hold movement exceeded. Timeout for 0.29s
[16:35:53]{training.py:95} INFO - Hold movement exceeded. Timeout for 0.29s
[16:35:53]{training.py:95} INFO - Hold movement exceeded. Timeout for 0.29s
[16:35:53]{training.py:95} INFO - Hold movement exceeded. Timeout for 0.29s
[16:35:54]{training.py:95} INFO - Hold movement exceeded. Timeout for 0.29s
[16:35:54]{training.py:95} INFO - Hold movement exceeded. Timeout for 0.29s
[16:35:58]{training.py:141} INFO - Ending trial 105 with success due to "goal" after 7.1 s
[16:35:58]{training.py:149} INFO - Total: 105, Successes: 48 (45.7% correct)!
[16:36:00]{training.py:75} INFO - Starting trial 106 from the left with             0.1 s delay
[16:36:00]{training.py:95} INFO - Hold movement exceeded. Timeout for 0.15s
[16:36:00]{training.py:141} INFO - Ending trial 106 with success due to "goal" after 0.4 s
[16:36:00]{training.py:149} INFO - Total: 106, Successes: 49 (46.2% correct)!
[16:36:02]{training.py:75} INFO - Starting trial 107 from the left with             0.3 s delay
[16:36:02]{training.py:95} INFO - Hold movement exceeded. Timeout for 0.35s
[16:36:14]{training.py:141} INFO - Ending trial 107 with success due to "goal" after 11.7 s
[16:36:14]{training.py:149} INFO - Total: 107, Successes: 50 (46.7% correct)!
[16:36:15]{training.py:75} INFO - Starting trial 108 from the left with             0.1 s delay
[16:36:15]{training.py:95} INFO - Hold movement exceeded. Timeout for 0.10s
[16:36:21]{training.py:141} INFO - Ending trial 108 with failure due to "overshoot" after 5.8 s
[16:36:21]{training.py:149} INFO - Total: 108, Successes: 50 (46.3% correct)!
[16:36:23]{training.py:75} INFO - Starting trial 109 from the left with             0.4 s delay
[16:36:23]{training.py:95} INFO - Hold movement exceeded. Timeout for 0.43s
[16:36:47]{training.py:141} INFO - Ending trial 109 with failure due to "overshoot" after 23.9 s
[16:36:47]{training.py:149} INFO - Total: 109, Successes: 50 (45.9% correct)!
[16:36:49]{training.py:75} INFO - Starting trial 110 from the left with             0.1 s delay
[16:36:49]{training.py:95} INFO - Hold movement exceeded. Timeout for 0.05s
[16:36:52]{training.py:141} INFO - Ending trial 110 with failure due to "overshoot" after 3.3 s
[16:36:52]{training.py:149} INFO - Total: 110, Successes: 50 (45.5% correct)!
[16:36:54]{training.py:75} INFO - Starting trial 111 from the left with             0.1 s delay
[16:36:54]{training.py:95} INFO - Hold movement exceeded. Timeout for 0.10s
[16:37:14]{training.py:141} INFO - Ending trial 111 with failure due to "overshoot" after 19.2 s
[16:37:14]{training.py:149} INFO - Total: 111, Successes: 50 (45.0% correct)!
[16:37:16]{training.py:75} INFO - Starting trial 112 from the left with             0.4 s delay
[16:37:16]{training.py:95} INFO - Hold movement exceeded. Timeout for 0.38s
[16:37:40]{training.py:141} INFO - Ending trial 112 with failure due to "overshoot" after 24.7 s
[16:37:40]{training.py:149} INFO - Total: 112, Successes: 50 (44.6% correct)!
[16:37:42]{training.py:75} INFO - Starting trial 113 from the left with             0.2 s delay
[16:37:43]{training.py:95} INFO - Hold movement exceeded. Timeout for 0.19s
[16:37:43]{training.py:95} INFO - Hold movement exceeded. Timeout for 0.19s
[16:37:43]{training.py:95} INFO - Hold movement exceeded. Timeout for 0.19s
[16:37:43]{training.py:95} INFO - Hold movement exceeded. Timeout for 0.19s
[16:37:43]{training.py:95} INFO - Hold movement exceeded. Timeout for 0.19s
[16:37:44]{training.py:95} INFO - Hold movement exceeded. Timeout for 0.19s
[16:37:44]{training.py:95} INFO - Hold movement exceeded. Timeout for 0.19s
[16:37:44]{training.py:95} INFO - Hold movement exceeded. Timeout for 0.19s
[16:37:44]{training.py:95} INFO - Hold movement exceeded. Timeout for 0.19s
[16:37:45]{training.py:95} INFO - Hold movement exceeded. Timeout for 0.19s
[16:37:45]{training.py:95} INFO - Hold movement exceeded. Timeout for 0.19s
[16:37:45]{training.py:95} INFO - Hold movement exceeded. Timeout for 0.19s
[16:37:45]{training.py:141} INFO - Ending trial 113 with failure due to "overshoot" after 3.1 s
[16:37:45]{training.py:149} INFO - Total: 113, Successes: 50 (44.2% correct)!
[16:37:47]{training.py:75} INFO - Starting trial 114 from the left with             0.3 s delay
[16:37:48]{training.py:95} INFO - Hold movement exceeded. Timeout for 0.26s
[16:38:09]{training.py:141} INFO - Ending trial 114 with failure due to "overshoot" after 21.2 s
[16:38:09]{training.py:149} INFO - Total: 114, Successes: 50 (43.9% correct)!
[16:38:11]{training.py:75} INFO - Starting trial 115 from the left with             0.1 s delay
[16:38:11]{training.py:95} INFO - Hold movement exceeded. Timeout for 0.05s
[16:39:11]{training.py:141} INFO - Ending trial 115 with failure due to "timeout" after 60.0 s
[16:39:11]{training.py:149} INFO - Total: 115, Successes: 50 (43.5% correct)!
[16:39:13]{training.py:75} INFO - Starting trial 116 from the left with             0.1 s delay
[16:39:13]{training.py:95} INFO - Hold movement exceeded. Timeout for 0.05s
[16:39:24]{training.py:141} INFO - Ending trial 116 with failure due to "overshoot" after 11.6 s
[16:39:24]{training.py:149} INFO - Total: 116, Successes: 50 (43.1% correct)!
[16:39:26]{training.py:75} INFO - Starting trial 117 from the left with             0.5 s delay
[16:39:27]{training.py:95} INFO - Hold movement exceeded. Timeout for 0.47s
[16:39:43]{training.py:141} INFO - Ending trial 117 with failure due to "overshoot" after 16.9 s
[16:39:43]{training.py:149} INFO - Total: 117, Successes: 50 (42.7% correct)!
[16:39:45]{training.py:75} INFO - Starting trial 118 from the left with             0.2 s delay
[16:39:46]{training.py:95} INFO - Hold movement exceeded. Timeout for 0.15s
[16:39:46]{training.py:95} INFO - Hold movement exceeded. Timeout for 0.15s
[16:39:46]{training.py:95} INFO - Hold movement exceeded. Timeout for 0.15s
[16:39:46]{training.py:95} INFO - Hold movement exceeded. Timeout for 0.15s
[16:39:46]{training.py:95} INFO - Hold movement exceeded. Timeout for 0.15s
[16:39:46]{training.py:95} INFO - Hold movement exceeded. Timeout for 0.15s
[16:39:47]{training.py:141} INFO - Ending trial 118 with success due to "goal" after 1.5 s
[16:39:47]{training.py:149} INFO - Total: 118, Successes: 51 (43.2% correct)!
[16:39:48]{training.py:75} INFO - Starting trial 119 from the left with             0.2 s delay
[16:39:49]{training.py:95} INFO - Hold movement exceeded. Timeout for 0.19s
[16:39:49]{training.py:95} INFO - Hold movement exceeded. Timeout for 0.19s
[16:39:51]{training.py:141} INFO - Ending trial 119 with failure due to "overshoot" after 2.8 s
[16:39:51]{training.py:149} INFO - Total: 119, Successes: 51 (42.9% correct)!
[16:39:53]{training.py:75} INFO - Starting trial 120 from the left with             0.5 s delay
[16:39:54]{training.py:95} INFO - Hold movement exceeded. Timeout for 0.45s
[16:40:10]{training.py:141} INFO - Ending trial 120 with failure due to "overshoot" after 17.0 s
[16:40:10]{training.py:149} INFO - Total: 120, Successes: 51 (42.5% correct)!
[16:40:12]{training.py:75} INFO - Starting trial 121 from the left with             0.2 s delay
[16:40:13]{training.py:95} INFO - Hold movement exceeded. Timeout for 0.24s
[16:40:13]{training.py:141} INFO - Ending trial 121 with failure due to "overshoot" after 0.7 s
[16:40:13]{training.py:149} INFO - Total: 121, Successes: 51 (42.1% correct)!
[16:40:15]{training.py:75} INFO - Starting trial 122 from the left with             0.1 s delay
[16:40:15]{training.py:95} INFO - Hold movement exceeded. Timeout for 0.05s
[16:41:15]{training.py:141} INFO - Ending trial 122 with failure due to "timeout" after 60.0 s
[16:41:15]{training.py:149} INFO - Total: 122, Successes: 51 (41.8% correct)!
[16:41:17]{training.py:75} INFO - Starting trial 123 from the left with             0.3 s delay
[16:41:17]{training.py:95} INFO - Hold movement exceeded. Timeout for 0.32s
[16:42:13]{training.py:141} INFO - Ending trial 123 with failure due to "overshoot" after 56.5 s
[16:42:13]{training.py:149} INFO - Total: 123, Successes: 51 (41.5% correct)!
[16:42:16]{training.py:75} INFO - Starting trial 124 from the left with             0.2 s delay
[16:42:16]{training.py:95} INFO - Hold movement exceeded. Timeout for 0.24s
[16:42:16]{training.py:95} INFO - Hold movement exceeded. Timeout for 0.24s
[16:42:16]{training.py:95} INFO - Hold movement exceeded. Timeout for 0.24s
[16:42:17]{training.py:95} INFO - Hold movement exceeded. Timeout for 0.24s
[16:42:17]{training.py:95} INFO - Hold movement exceeded. Timeout for 0.24s
[16:42:17]{training.py:95} INFO - Hold movement exceeded. Timeout for 0.24s
[16:42:17]{training.py:95} INFO - Hold movement exceeded. Timeout for 0.24s
[16:43:16]{training.py:141} INFO - Ending trial 124 with failure due to "timeout" after 60.0 s
[16:43:16]{training.py:149} INFO - Total: 124, Successes: 51 (41.1% correct)!
[16:43:18]{training.py:75} INFO - Starting trial 125 from the left with             0.2 s delay
[16:43:18]{training.py:95} INFO - Hold movement exceeded. Timeout for 0.19s
[16:43:34]{training.py:141} INFO - Ending trial 125 with success due to "goal" after 16.6 s
[16:43:34]{training.py:149} INFO - Total: 125, Successes: 52 (41.6% correct)!
[16:43:36]{training.py:75} INFO - Starting trial 126 from the left with             0.1 s delay
[16:43:36]{training.py:95} INFO - Hold movement exceeded. Timeout for 0.06s
[16:43:36]{training.py:141} INFO - Ending trial 126 with failure due to "overshoot" after 0.4 s
[16:43:36]{training.py:149} INFO - Total: 126, Successes: 52 (41.3% correct)!
[16:43:38]{training.py:75} INFO - Starting trial 127 from the left with             0.4 s delay
[16:43:39]{training.py:95} INFO - Hold movement exceeded. Timeout for 0.41s
[16:44:38]{training.py:141} INFO - Ending trial 127 with failure due to "timeout" after 60.0 s
[16:44:38]{training.py:149} INFO - Total: 127, Successes: 52 (40.9% correct)!
[16:44:40]{training.py:75} INFO - Starting trial 128 from the left with             0.2 s delay
[16:44:40]{training.py:95} INFO - Hold movement exceeded. Timeout for 0.17s
[16:45:25]{training.py:141} INFO - Ending trial 128 with success due to "goal" after 45.1 s
[16:45:25]{training.py:149} INFO - Total: 128, Successes: 53 (41.4% correct)!
[16:45:27]{training.py:75} INFO - Starting trial 129 from the left with             0.2 s delay
[16:45:27]{training.py:95} INFO - Hold movement exceeded. Timeout for 0.25s
[16:45:30]{training.py:141} INFO - Ending trial 129 with success due to "goal" after 3.0 s
[16:45:30]{training.py:149} INFO - Total: 129, Successes: 54 (41.9% correct)!
[16:45:31]{training.py:75} INFO - Starting trial 130 from the left with             0.1 s delay
[16:45:32]{training.py:95} INFO - Hold movement exceeded. Timeout for 0.12s
[16:45:53]{training.py:141} INFO - Ending trial 130 with success due to "goal" after 21.4 s
[16:45:53]{training.py:149} INFO - Total: 130, Successes: 55 (42.3% correct)!
[16:45:54]{training.py:75} INFO - Starting trial 131 from the left with             0.1 s delay
[16:45:54]{training.py:95} INFO - Hold movement exceeded. Timeout for 0.06s
[16:45:55]{training.py:141} INFO - Ending trial 131 with failure due to "overshoot" after 0.4 s
[16:45:55]{training.py:149} INFO - Total: 131, Successes: 55 (42.0% correct)!
[16:45:57]{training.py:75} INFO - Starting trial 132 from the left with             0.1 s delay
[16:45:57]{training.py:95} INFO - Hold movement exceeded. Timeout for 0.08s
[16:46:33]{training.py:141} INFO - Ending trial 132 with failure due to "overshoot" after 36.2 s
[16:46:33]{training.py:149} INFO - Total: 132, Successes: 55 (41.7% correct)!
[16:46:35]{training.py:75} INFO - Starting trial 133 from the left with             0.3 s delay
[16:46:35]{training.py:95} INFO - Hold movement exceeded. Timeout for 0.26s
[16:46:36]{training.py:95} INFO - Hold movement exceeded. Timeout for 0.26s
[16:46:36]{training.py:95} INFO - Hold movement exceeded. Timeout for 0.26s
[16:46:36]{training.py:95} INFO - Hold movement exceeded. Timeout for 0.26s
[16:46:36]{training.py:95} INFO - Hold movement exceeded. Timeout for 0.26s
[16:46:37]{training.py:95} INFO - Hold movement exceeded. Timeout for 0.26s
[16:46:37]{training.py:95} INFO - Hold movement exceeded. Timeout for 0.26s
[16:46:37]{training.py:95} INFO - Hold movement exceeded. Timeout for 0.26s
[16:46:38]{training.py:95} INFO - Hold movement exceeded. Timeout for 0.26s
[16:46:38]{training.py:95} INFO - Hold movement exceeded. Timeout for 0.26s
[16:46:43]{training.py:141} INFO - Ending trial 133 with failure due to "overshoot" after 8.0 s
[16:46:43]{training.py:149} INFO - Total: 133, Successes: 55 (41.4% correct)!
[16:46:45]{training.py:75} INFO - Starting trial 134 from the left with             0.1 s delay
[16:46:45]{training.py:95} INFO - Hold movement exceeded. Timeout for 0.15s
[16:47:43]{training.py:141} INFO - Ending trial 134 with success due to "goal" after 57.5 s
[16:47:43]{training.py:149} INFO - Total: 134, Successes: 56 (41.8% correct)!
[16:47:44]{training.py:75} INFO - Starting trial 135 from the left with             0.4 s delay
[16:47:45]{training.py:95} INFO - Hold movement exceeded. Timeout for 0.37s
[16:47:45]{training.py:95} INFO - Hold movement exceeded. Timeout for 0.37s
[16:47:45]{training.py:95} INFO - Hold movement exceeded. Timeout for 0.37s
[16:47:46]{training.py:95} INFO - Hold movement exceeded. Timeout for 0.37s
[16:47:46]{training.py:95} INFO - Hold movement exceeded. Timeout for 0.37s
[16:47:46]{training.py:95} INFO - Hold movement exceeded. Timeout for 0.37s
[16:47:47]{training.py:95} INFO - Hold movement exceeded. Timeout for 0.37s
[16:47:47]{training.py:95} INFO - Hold movement exceeded. Timeout for 0.37s
[16:47:48]{training.py:95} INFO - Hold movement exceeded. Timeout for 0.37s
[16:47:48]{training.py:95} INFO - Hold movement exceeded. Timeout for 0.37s
[16:48:43]{training.py:141} INFO - Ending trial 135 with success due to "goal" after 59.3 s
[16:48:43]{training.py:149} INFO - Total: 135, Successes: 57 (42.2% correct)!
[16:48:45]{training.py:75} INFO - Starting trial 136 from the left with             0.1 s delay
[16:48:45]{training.py:95} INFO - Hold movement exceeded. Timeout for 0.15s
[16:48:46]{training.py:141} INFO - Ending trial 136 with failure due to "overshoot" after 0.9 s
[16:48:46]{training.py:149} INFO - Total: 136, Successes: 57 (41.9% correct)!
[16:48:48]{training.py:75} INFO - Starting trial 137 from the left with             0.2 s delay
[16:48:48]{training.py:95} INFO - Hold movement exceeded. Timeout for 0.15s
[16:49:16]{training.py:141} INFO - Ending trial 137 with failure due to "overshoot" after 27.6 s
[16:49:16]{training.py:149} INFO - Total: 137, Successes: 57 (41.6% correct)!
[16:49:18]{training.py:75} INFO - Starting trial 138 from the left with             0.1 s delay
[16:49:18]{training.py:95} INFO - Hold movement exceeded. Timeout for 0.09s
[16:49:18]{training.py:141} INFO - Ending trial 138 with failure due to "overshoot" after 0.7 s
[16:49:18]{training.py:149} INFO - Total: 138, Successes: 57 (41.3% correct)!
[16:49:20]{training.py:75} INFO - Starting trial 139 from the left with             0.3 s delay
[16:49:21]{training.py:95} INFO - Hold movement exceeded. Timeout for 0.33s
[16:49:24]{training.py:141} INFO - Ending trial 139 with failure due to "overshoot" after 3.9 s
[16:49:24]{training.py:149} INFO - Total: 139, Successes: 57 (41.0% correct)!
[16:49:26]{training.py:75} INFO - Starting trial 140 from the left with             0.4 s delay
[16:49:27]{training.py:95} INFO - Hold movement exceeded. Timeout for 0.38s
[16:50:25]{training.py:141} INFO - Ending trial 140 with failure due to "overshoot" after 58.9 s
[16:50:25]{training.py:149} INFO - Total: 140, Successes: 57 (40.7% correct)!
[16:50:27]{training.py:75} INFO - Starting trial 141 from the left with             0.1 s delay
[16:50:27]{training.py:95} INFO - Hold movement exceeded. Timeout for 0.09s
[16:51:25]{training.py:141} INFO - Ending trial 141 with success due to "goal" after 58.2 s
[16:51:25]{training.py:149} INFO - Total: 141, Successes: 58 (41.1% correct)!
[16:51:27]{training.py:75} INFO - Starting trial 142 from the left with             0.1 s delay
[16:51:27]{training.py:95} INFO - Hold movement exceeded. Timeout for 0.06s
[16:51:32]{training.py:141} INFO - Ending trial 142 with success due to "goal" after 4.8 s
[16:51:32]{training.py:149} INFO - Total: 142, Successes: 59 (41.5% correct)!
[16:51:33]{training.py:75} INFO - Starting trial 143 from the left with             0.4 s delay
[16:51:34]{training.py:95} INFO - Hold movement exceeded. Timeout for 0.44s
[16:51:34]{training.py:95} INFO - Hold movement exceeded. Timeout for 0.44s
[16:51:35]{training.py:95} INFO - Hold movement exceeded. Timeout for 0.44s
[16:51:35]{training.py:95} INFO - Hold movement exceeded. Timeout for 0.44s
[16:51:36]{training.py:95} INFO - Hold movement exceeded. Timeout for 0.44s
[16:51:36]{training.py:95} INFO - Hold movement exceeded. Timeout for 0.44s
[16:51:37]{training.py:95} INFO - Hold movement exceeded. Timeout for 0.44s
[16:52:12]{training.py:141} INFO - Ending trial 143 with failure due to "overshoot" after 38.5 s
[16:52:12]{training.py:149} INFO - Total: 143, Successes: 59 (41.3% correct)!
[16:52:14]{training.py:75} INFO - Starting trial 144 from the left with             0.1 s delay
[16:52:14]{training.py:95} INFO - Hold movement exceeded. Timeout for 0.12s
[16:53:14]{training.py:141} INFO - Ending trial 144 with failure due to "timeout" after 60.0 s
[16:53:14]{training.py:149} INFO - Total: 144, Successes: 59 (41.0% correct)!
[16:53:16]{training.py:75} INFO - Starting trial 145 from the left with             0.1 s delay
[16:53:16]{training.py:95} INFO - Hold movement exceeded. Timeout for 0.05s
[16:53:17]{training.py:141} INFO - Ending trial 145 with failure due to "overshoot" after 0.8 s
[16:53:17]{training.py:149} INFO - Total: 145, Successes: 59 (40.7% correct)!
[16:53:19]{training.py:75} INFO - Starting trial 146 from the left with             0.3 s delay
[16:53:19]{training.py:95} INFO - Hold movement exceeded. Timeout for 0.34s
[16:54:19]{training.py:141} INFO - Ending trial 146 with failure due to "timeout" after 60.0 s
[16:54:19]{training.py:149} INFO - Total: 146, Successes: 59 (40.4% correct)!
[16:54:21]{training.py:75} INFO - Starting trial 147 from the left with             0.3 s delay
[16:54:21]{training.py:95} INFO - Hold movement exceeded. Timeout for 0.29s
[16:54:39]{training.py:141} INFO - Ending trial 147 with failure due to "overshoot" after 17.9 s
[16:54:39]{training.py:149} INFO - Total: 147, Successes: 59 (40.1% correct)!
[16:54:41]{training.py:75} INFO - Starting trial 148 from the left with             0.4 s delay
[16:54:41]{training.py:95} INFO - Hold movement exceeded. Timeout for 0.40s
[16:54:42]{training.py:95} INFO - Hold movement exceeded. Timeout for 0.40s
[16:54:42]{training.py:95} INFO - Hold movement exceeded. Timeout for 0.40s
[16:54:42]{training.py:95} INFO - Hold movement exceeded. Timeout for 0.40s
[16:54:43]{training.py:95} INFO - Hold movement exceeded. Timeout for 0.40s
[16:54:43]{training.py:95} INFO - Hold movement exceeded. Timeout for 0.40s
[16:54:44]{training.py:95} INFO - Hold movement exceeded. Timeout for 0.40s
[16:54:44]{training.py:95} INFO - Hold movement exceeded. Timeout for 0.40s
[16:54:45]{training.py:95} INFO - Hold movement exceeded. Timeout for 0.40s
[16:55:41]{training.py:141} INFO - Ending trial 148 with failure due to "timeout" after 60.0 s
[16:55:41]{training.py:149} INFO - Total: 148, Successes: 59 (39.9% correct)!
[16:55:43]{training.py:75} INFO - Starting trial 149 from the left with             0.2 s delay
[16:55:43]{training.py:95} INFO - Hold movement exceeded. Timeout for 0.18s
[16:56:00]{training.py:141} INFO - Ending trial 149 with success due to "goal" after 17.4 s
[16:56:00]{training.py:149} INFO - Total: 149, Successes: 60 (40.3% correct)!
[16:56:02]{training.py:75} INFO - Starting trial 150 from the left with             0.2 s delay
[16:56:02]{training.py:95} INFO - Hold movement exceeded. Timeout for 0.23s
[16:56:02]{training.py:141} INFO - Ending trial 150 with failure due to "overshoot" after 0.6 s
[16:56:02]{training.py:149} INFO - Total: 150, Successes: 60 (40.0% correct)!
[16:56:04]{training.py:75} INFO - Starting trial 151 from the left with             0.3 s delay
[16:56:05]{training.py:95} INFO - Hold movement exceeded. Timeout for 0.28s
[16:56:05]{training.py:95} INFO - Hold movement exceeded. Timeout for 0.28s
[16:56:09]{training.py:141} INFO - Ending trial 151 with success due to "goal" after 4.7 s
[16:56:09]{training.py:149} INFO - Total: 151, Successes: 61 (40.4% correct)!
[16:56:11]{training.py:75} INFO - Starting trial 152 from the left with             0.5 s delay
[16:56:11]{training.py:95} INFO - Hold movement exceeded. Timeout for 0.48s
[16:56:17]{training.py:141} INFO - Ending trial 152 with failure due to "overshoot" after 6.4 s
[16:56:17]{training.py:149} INFO - Total: 152, Successes: 61 (40.1% correct)!
[16:56:19]{training.py:75} INFO - Starting trial 153 from the left with             0.1 s delay
[16:56:19]{training.py:95} INFO - Hold movement exceeded. Timeout for 0.05s
[16:56:35]{training.py:141} INFO - Ending trial 153 with failure due to "overshoot" after 15.7 s
[16:56:35]{training.py:149} INFO - Total: 153, Successes: 61 (39.9% correct)!
[16:56:37]{training.py:75} INFO - Starting trial 154 from the left with             0.2 s delay
[16:56:37]{training.py:95} INFO - Hold movement exceeded. Timeout for 0.21s
[16:56:42]{training.py:141} INFO - Ending trial 154 with success due to "goal" after 5.3 s
[16:56:42]{training.py:149} INFO - Total: 154, Successes: 62 (40.3% correct)!
[16:56:44]{training.py:75} INFO - Starting trial 155 from the left with             0.3 s delay
[16:56:44]{training.py:95} INFO - Hold movement exceeded. Timeout for 0.25s
[16:56:45]{training.py:141} INFO - Ending trial 155 with success due to "goal" after 0.9 s
[16:56:45]{training.py:149} INFO - Total: 155, Successes: 63 (40.6% correct)!
[16:56:46]{training.py:75} INFO - Starting trial 156 from the left with             0.2 s delay
[16:56:46]{training.py:95} INFO - Hold movement exceeded. Timeout for 0.16s
[16:56:47]{training.py:95} INFO - Hold movement exceeded. Timeout for 0.16s
[16:56:47]{training.py:95} INFO - Hold movement exceeded. Timeout for 0.16s
[16:56:47]{training.py:95} INFO - Hold movement exceeded. Timeout for 0.16s
[16:56:47]{training.py:141} INFO - Ending trial 156 with success due to "goal" after 1.1 s
[16:56:47]{training.py:149} INFO - Total: 156, Successes: 64 (41.0% correct)!
[16:56:49]{training.py:75} INFO - Starting trial 157 from the left with             0.4 s delay
[16:56:49]{training.py:95} INFO - Hold movement exceeded. Timeout for 0.44s
[16:56:50]{training.py:95} INFO - Hold movement exceeded. Timeout for 0.44s
[16:56:54]{training.py:141} INFO - Ending trial 157 with success due to "goal" after 5.4 s
[16:56:54]{training.py:149} INFO - Total: 157, Successes: 65 (41.4% correct)!
[16:56:56]{training.py:75} INFO - Starting trial 158 from the left with             0.1 s delay
[16:56:56]{training.py:95} INFO - Hold movement exceeded. Timeout for 0.13s
[16:56:56]{training.py:95} INFO - Hold movement exceeded. Timeout for 0.13s
[16:56:56]{training.py:95} INFO - Hold movement exceeded. Timeout for 0.13s
[16:56:56]{training.py:95} INFO - Hold movement exceeded. Timeout for 0.13s
[16:56:57]{training.py:95} INFO - Hold movement exceeded. Timeout for 0.13s
[16:56:57]{training.py:141} INFO - Ending trial 158 with success due to "goal" after 1.1 s
[16:56:57]{training.py:149} INFO - Total: 158, Successes: 66 (41.8% correct)!
[16:56:58]{training.py:75} INFO - Starting trial 159 from the left with             0.1 s delay
[16:56:59]{training.py:95} INFO - Hold movement exceeded. Timeout for 0.12s
[16:56:59]{training.py:95} INFO - Hold movement exceeded. Timeout for 0.12s
[16:56:59]{training.py:141} INFO - Ending trial 159 with failure due to "overshoot" after 0.7 s
[16:56:59]{training.py:149} INFO - Total: 159, Successes: 66 (41.5% correct)!
[16:57:01]{training.py:75} INFO - Starting trial 160 from the left with             0.3 s delay
[16:57:01]{training.py:95} INFO - Hold movement exceeded. Timeout for 0.26s
[16:57:09]{training.py:141} INFO - Ending trial 160 with failure due to "overshoot" after 8.3 s
[16:57:09]{training.py:149} INFO - Total: 160, Successes: 66 (41.2% correct)!
[16:57:11]{training.py:75} INFO - Starting trial 161 from the left with             0.2 s delay
[16:57:12]{training.py:95} INFO - Hold movement exceeded. Timeout for 0.25s
[16:57:12]{training.py:95} INFO - Hold movement exceeded. Timeout for 0.25s
[16:57:12]{training.py:95} INFO - Hold movement exceeded. Timeout for 0.25s
[16:57:13]{training.py:95} INFO - Hold movement exceeded. Timeout for 0.25s
[16:57:22]{training.py:141} INFO - Ending trial 161 with success due to "goal" after 10.6 s
[16:57:22]{training.py:149} INFO - Total: 161, Successes: 67 (41.6% correct)!
[16:57:24]{training.py:75} INFO - Starting trial 162 from the left with             0.2 s delay
[16:57:24]{training.py:95} INFO - Hold movement exceeded. Timeout for 0.20s
[16:57:25]{training.py:141} INFO - Ending trial 162 with failure due to "overshoot" after 1.2 s
[16:57:25]{training.py:149} INFO - Total: 162, Successes: 67 (41.4% correct)!
[16:57:27]{training.py:75} INFO - Starting trial 163 from the left with             0.5 s delay
[16:57:27]{training.py:95} INFO - Hold movement exceeded. Timeout for 0.46s
[16:58:27]{training.py:141} INFO - Ending trial 163 with failure due to "timeout" after 60.0 s
[16:58:27]{training.py:149} INFO - Total: 163, Successes: 67 (41.1% correct)!
[16:58:29]{training.py:75} INFO - Starting trial 164 from the left with             0.2 s delay
[16:58:29]{training.py:95} INFO - Hold movement exceeded. Timeout for 0.24s
[16:58:45]{training.py:141} INFO - Ending trial 164 with success due to "goal" after 15.6 s
[16:58:45]{training.py:149} INFO - Total: 164, Successes: 68 (41.5% correct)!
[16:58:46]{training.py:75} INFO - Starting trial 165 from the left with             0.3 s delay
[16:58:46]{training.py:95} INFO - Hold movement exceeded. Timeout for 0.26s
[16:58:47]{training.py:95} INFO - Hold movement exceeded. Timeout for 0.26s
[16:58:47]{training.py:95} INFO - Hold movement exceeded. Timeout for 0.26s
[16:58:47]{training.py:95} INFO - Hold movement exceeded. Timeout for 0.26s
[16:58:48]{training.py:95} INFO - Hold movement exceeded. Timeout for 0.26s
[16:58:48]{training.py:141} INFO - Ending trial 165 with failure due to "overshoot" after 1.8 s
[16:58:48]{training.py:149} INFO - Total: 165, Successes: 68 (41.2% correct)!
[16:58:50]{training.py:75} INFO - Starting trial 166 from the left with             0.1 s delay
[16:58:50]{training.py:95} INFO - Hold movement exceeded. Timeout for 0.14s
[16:58:50]{training.py:95} INFO - Hold movement exceeded. Timeout for 0.14s
[16:59:07]{training.py:141} INFO - Ending trial 166 with success due to "goal" after 17.0 s
[16:59:07]{training.py:149} INFO - Total: 166, Successes: 69 (41.6% correct)!
[16:59:08]{training.py:75} INFO - Starting trial 167 from the left with             0.2 s delay
[16:59:09]{training.py:95} INFO - Hold movement exceeded. Timeout for 0.20s
[16:59:09]{training.py:95} INFO - Hold movement exceeded. Timeout for 0.20s
[16:59:09]{training.py:95} INFO - Hold movement exceeded. Timeout for 0.20s
[16:59:09]{training.py:95} INFO - Hold movement exceeded. Timeout for 0.20s
[16:59:10]{training.py:141} INFO - Ending trial 167 with failure due to "overshoot" after 1.3 s
[16:59:10]{training.py:149} INFO - Total: 167, Successes: 69 (41.3% correct)!
[16:59:12]{training.py:75} INFO - Starting trial 168 from the left with             0.3 s delay
[16:59:12]{training.py:95} INFO - Hold movement exceeded. Timeout for 0.33s
[16:59:13]{training.py:95} INFO - Hold movement exceeded. Timeout for 0.33s
[17:00:12]{training.py:141} INFO - Ending trial 168 with failure due to "timeout" after 60.0 s
[17:00:12]{training.py:149} INFO - Total: 168, Successes: 69 (41.1% correct)!
[17:00:14]{training.py:75} INFO - Starting trial 169 from the left with             0.1 s delay
[17:00:14]{training.py:95} INFO - Hold movement exceeded. Timeout for 0.13s
[17:00:18]{training.py:141} INFO - Ending trial 169 with failure due to "overshoot" after 3.7 s
[17:00:18]{training.py:149} INFO - Total: 169, Successes: 69 (40.8% correct)!
[17:00:20]{training.py:75} INFO - Starting trial 170 from the left with             0.3 s delay
[17:00:20]{training.py:95} INFO - Hold movement exceeded. Timeout for 0.32s
[17:00:46]{training.py:141} INFO - Ending trial 170 with success due to "goal" after 26.4 s
[17:00:46]{training.py:149} INFO - Total: 170, Successes: 70 (41.2% correct)!
[17:00:48]{training.py:75} INFO - Starting trial 171 from the left with             0.1 s delay
[17:00:48]{training.py:95} INFO - Hold movement exceeded. Timeout for 0.10s
[17:00:48]{training.py:95} INFO - Hold movement exceeded. Timeout for 0.10s
[17:00:48]{training.py:95} INFO - Hold movement exceeded. Timeout for 0.10s
[17:00:48]{training.py:95} INFO - Hold movement exceeded. Timeout for 0.10s
[17:00:48]{training.py:95} INFO - Hold movement exceeded. Timeout for 0.10s
[17:00:49]{training.py:141} INFO - Ending trial 171 with success due to "goal" after 1.0 s
[17:00:49]{training.py:149} INFO - Total: 171, Successes: 71 (41.5% correct)!
[17:00:50]{training.py:75} INFO - Starting trial 172 from the left with             0.3 s delay
[17:00:50]{training.py:95} INFO - Hold movement exceeded. Timeout for 0.30s
[17:00:54]{training.py:141} INFO - Ending trial 172 with failure due to "overshoot" after 4.3 s
[17:00:54]{training.py:149} INFO - Total: 172, Successes: 71 (41.3% correct)!
[17:00:57]{training.py:75} INFO - Starting trial 173 from the left with             0.1 s delay
[17:00:57]{training.py:95} INFO - Hold movement exceeded. Timeout for 0.08s
[17:01:21]{training.py:141} INFO - Ending trial 173 with failure due to "overshoot" after 24.8 s
[17:01:21]{training.py:149} INFO - Total: 173, Successes: 71 (41.0% correct)!
[17:01:23]{training.py:75} INFO - Starting trial 174 from the left with             0.2 s delay
[17:01:24]{training.py:95} INFO - Hold movement exceeded. Timeout for 0.21s
[17:01:24]{training.py:95} INFO - Hold movement exceeded. Timeout for 0.21s
[17:02:14]{training.py:141} INFO - Ending trial 174 with failure due to "overshoot" after 50.8 s
[17:02:14]{training.py:149} INFO - Total: 174, Successes: 71 (40.8% correct)!
[17:02:16]{training.py:75} INFO - Starting trial 175 from the left with             0.1 s delay
[17:02:16]{training.py:95} INFO - Hold movement exceeded. Timeout for 0.15s